<?xml version="1.0" encoding="UTF-8"?>
<!-- Generated by org.testng.reporters.JUnitXMLReporter -->
<testsuite ignored="0" hostname="LAPTOP-IFQ70GDN" failures="3" tests="9" name="Test3" time="0.025" errors="0" timestamp="03 Dec 2020 14:47:25 GMT">
  <testcase classname="com.seleniumprograms.testng.Test3" name="m1" time="0.002">
    <skipped/>
  </testcase> <!-- m1 -->
  <testcase classname="com.seleniumprograms.testng.Test3" name="m1" time="0.001">
    <skipped/>
  </testcase> <!-- m1 -->
  <testcase classname="com.seleniumprograms.testng.Test3" name="m1" time="0.001">
    <failure type="java.lang.Error">
      <![CDATA[java.lang.Error
	at com.seleniumprograms.testng.Test3.m1(Test3.java:10)
... Removed 25 stack frames]]>
    </failure>
  </testcase> <!-- m1 -->
  <testcase classname="com.seleniumprograms.testng.Test3" name="m2" time="0.0">
    <skipped/>
  </testcase> <!-- m2 -->
  <testcase classname="com.seleniumprograms.testng.Test3" name="m2" time="0.001">
    <skipped/>
  </testcase> <!-- m2 -->
  <testcase classname="com.seleniumprograms.testng.Test3" name="m2" time="0.0">
    <failure type="java.lang.Error">
      <![CDATA[java.lang.Error
	at com.seleniumprograms.testng.Test3.m2(Test3.java:24)
... Removed 25 stack frames]]>
    </failure>
  </testcase> <!-- m2 -->
  <testcase classname="com.seleniumprograms.testng.Test3" name="m3" time="0.0">
    <skipped/>
  </testcase> <!-- m3 -->
  <testcase classname="com.seleniumprograms.testng.Test3" name="m3" time="0.001">
    <skipped/>
  </testcase> <!-- m3 -->
  <testcase classname="com.seleniumprograms.testng.Test3" name="m3" time="0.001">
    <failure type="java.lang.Error">
      <![CDATA[java.lang.Error
	at com.seleniumprograms.testng.Test3.m3(Test3.java:17)
... Removed 25 stack frames]]>
    </failure>
  </testcase> <!-- m3 -->
</testsuite> <!-- Test3 -->
