<?xml version="1.0" encoding="UTF-8"?>
<!-- Generated by org.testng.reporters.JUnitXMLReporter -->
<testsuite ignored="0" hostname="LAPTOP-IFQ70GDN" failures="1" tests="3" name="Test1" time="0.048" errors="0" timestamp="03 Dec 2020 14:47:25 GMT">
  <testcase classname="com.seleniumprograms.testng.Test1" name="test1" time="0.023">
    <skipped/>
  </testcase> <!-- test1 -->
  <testcase classname="com.seleniumprograms.testng.Test1" name="test1" time="0.001">
    <skipped/>
  </testcase> <!-- test1 -->
  <testcase classname="com.seleniumprograms.testng.Test1" name="test1" time="0.001">
    <failure type="java.lang.NullPointerException" message="Cannot invoke &amp;quot;org.openqa.selenium.WebDriver.findElement(org.openqa.selenium.By)&amp;quot; because &amp;quot;driver&amp;quot; is null">
      <![CDATA[java.lang.NullPointerException: Cannot invoke "org.openqa.selenium.WebDriver.findElement(org.openqa.selenium.By)" because "driver" is null
	at com.seleniumprograms.testng.Test1.test1(Test1.java:20)
... Removed 25 stack frames]]>
    </failure>
  </testcase> <!-- test1 -->
</testsuite> <!-- Test1 -->
